Performing C SOURCE FILE Test CMAKE_HAVE_LIBC_PTHREAD failed with the following output:
Change Dir: /home/omar/mambaforge/envs/ros_env/gp_ws/build/CMakeFiles/CMakeScratch/TryCompile-fBS24v

Run Build Command(s):/usr/bin/gmake -f Makefile cmTC_491e6/fast && /usr/bin/gmake  -f CMakeFiles/cmTC_491e6.dir/build.make CMakeFiles/cmTC_491e6.dir/build
gmake[1]: Entering directory '/home/omar/mambaforge/envs/ros_env/gp_ws/build/CMakeFiles/CMakeScratch/TryCompile-fBS24v'
Building C object CMakeFiles/cmTC_491e6.dir/src.c.o
/home/omar/mambaforge/envs/ros_env/bin/x86_64-conda-linux-gnu-cc -DCMAKE_HAVE_LIBC_PTHREAD  -march=nocona -mtune=haswell -ftree-vectorize -fPIC -fstack-protector-strong -fno-plt -O2 -ffunction-sections -pipe -isystem /home/omar/mambaforge/envs/ros_env/include  -o CMakeFiles/cmTC_491e6.dir/src.c.o -c /home/omar/mambaforge/envs/ros_env/gp_ws/build/CMakeFiles/CMakeScratch/TryCompile-fBS24v/src.c
Linking C executable cmTC_491e6
/home/omar/mambaforge/envs/ros_env/bin/cmake -E cmake_link_script CMakeFiles/cmTC_491e6.dir/link.txt --verbose=1
/home/omar/mambaforge/envs/ros_env/bin/x86_64-conda-linux-gnu-cc -march=nocona -mtune=haswell -ftree-vectorize -fPIC -fstack-protector-strong -fno-plt -O2 -ffunction-sections -pipe -isystem /home/omar/mambaforge/envs/ros_env/include  -Wl,-O2 -Wl,--sort-common -Wl,--as-needed -Wl,-z,relro -Wl,-z,now -Wl,--disable-new-dtags -Wl,--gc-sections -Wl,--allow-shlib-undefined -Wl,-rpath,/home/omar/mambaforge/envs/ros_env/lib -Wl,-rpath-link,/home/omar/mambaforge/envs/ros_env/lib -L/home/omar/mambaforge/envs/ros_env/lib  -rdynamic CMakeFiles/cmTC_491e6.dir/src.c.o -o cmTC_491e6 
/home/omar/mambaforge/envs/ros_env/bin/../lib/gcc/x86_64-conda-linux-gnu/11.3.0/../../../../x86_64-conda-linux-gnu/bin/ld: CMakeFiles/cmTC_491e6.dir/src.c.o: in function `main':
src.c:(.text.startup.main+0x24): undefined reference to `pthread_create'
/home/omar/mambaforge/envs/ros_env/bin/../lib/gcc/x86_64-conda-linux-gnu/11.3.0/../../../../x86_64-conda-linux-gnu/bin/ld: src.c:(.text.startup.main+0x2e): undefined reference to `pthread_detach'
/home/omar/mambaforge/envs/ros_env/bin/../lib/gcc/x86_64-conda-linux-gnu/11.3.0/../../../../x86_64-conda-linux-gnu/bin/ld: src.c:(.text.startup.main+0x38): undefined reference to `pthread_cancel'
/home/omar/mambaforge/envs/ros_env/bin/../lib/gcc/x86_64-conda-linux-gnu/11.3.0/../../../../x86_64-conda-linux-gnu/bin/ld: src.c:(.text.startup.main+0x44): undefined reference to `pthread_join'
/home/omar/mambaforge/envs/ros_env/bin/../lib/gcc/x86_64-conda-linux-gnu/11.3.0/../../../../x86_64-conda-linux-gnu/bin/ld: src.c:(.text.startup.main+0x50): undefined reference to `pthread_atfork'
collect2: error: ld returned 1 exit status
gmake[1]: *** [CMakeFiles/cmTC_491e6.dir/build.make:99: cmTC_491e6] Error 1
gmake[1]: Leaving directory '/home/omar/mambaforge/envs/ros_env/gp_ws/build/CMakeFiles/CMakeScratch/TryCompile-fBS24v'
gmake: *** [Makefile:127: cmTC_491e6/fast] Error 2


Source file was:
#include <pthread.h>

static void* test_func(void* data)
{
  return data;
}

int main(void)
{
  pthread_t thread;
  pthread_create(&thread, NULL, test_func, NULL);
  pthread_detach(thread);
  pthread_cancel(thread);
  pthread_join(thread, NULL);
  pthread_atfork(NULL, NULL, NULL);
  pthread_exit(NULL);

  return 0;
}


Determining if the function pthread_create exists in the pthreads failed with the following output:
Change Dir: /home/omar/mambaforge/envs/ros_env/gp_ws/build/CMakeFiles/CMakeScratch/TryCompile-tDIvfp

Run Build Command(s):/usr/bin/gmake -f Makefile cmTC_d7f17/fast && /usr/bin/gmake  -f CMakeFiles/cmTC_d7f17.dir/build.make CMakeFiles/cmTC_d7f17.dir/build
gmake[1]: Entering directory '/home/omar/mambaforge/envs/ros_env/gp_ws/build/CMakeFiles/CMakeScratch/TryCompile-tDIvfp'
Building C object CMakeFiles/cmTC_d7f17.dir/CheckFunctionExists.c.o
/home/omar/mambaforge/envs/ros_env/bin/x86_64-conda-linux-gnu-cc   -march=nocona -mtune=haswell -ftree-vectorize -fPIC -fstack-protector-strong -fno-plt -O2 -ffunction-sections -pipe -isystem /home/omar/mambaforge/envs/ros_env/include -DCHECK_FUNCTION_EXISTS=pthread_create -o CMakeFiles/cmTC_d7f17.dir/CheckFunctionExists.c.o -c /home/omar/mambaforge/envs/ros_env/gp_ws/build/CMakeFiles/CMakeScratch/TryCompile-tDIvfp/CheckFunctionExists.c
Linking C executable cmTC_d7f17
/home/omar/mambaforge/envs/ros_env/bin/cmake -E cmake_link_script CMakeFiles/cmTC_d7f17.dir/link.txt --verbose=1
/home/omar/mambaforge/envs/ros_env/bin/x86_64-conda-linux-gnu-cc -march=nocona -mtune=haswell -ftree-vectorize -fPIC -fstack-protector-strong -fno-plt -O2 -ffunction-sections -pipe -isystem /home/omar/mambaforge/envs/ros_env/include -DCHECK_FUNCTION_EXISTS=pthread_create -Wl,-O2 -Wl,--sort-common -Wl,--as-needed -Wl,-z,relro -Wl,-z,now -Wl,--disable-new-dtags -Wl,--gc-sections -Wl,--allow-shlib-undefined -Wl,-rpath,/home/omar/mambaforge/envs/ros_env/lib -Wl,-rpath-link,/home/omar/mambaforge/envs/ros_env/lib -L/home/omar/mambaforge/envs/ros_env/lib  -rdynamic CMakeFiles/cmTC_d7f17.dir/CheckFunctionExists.c.o -o cmTC_d7f17  -lpthreads 
/home/omar/mambaforge/envs/ros_env/bin/../lib/gcc/x86_64-conda-linux-gnu/11.3.0/../../../../x86_64-conda-linux-gnu/bin/ld: cannot find -lpthreads: No such file or directory
collect2: error: ld returned 1 exit status
gmake[1]: *** [CMakeFiles/cmTC_d7f17.dir/build.make:99: cmTC_d7f17] Error 1
gmake[1]: Leaving directory '/home/omar/mambaforge/envs/ros_env/gp_ws/build/CMakeFiles/CMakeScratch/TryCompile-tDIvfp'
gmake: *** [Makefile:127: cmTC_d7f17/fast] Error 2



